<?xml version="1.0" encoding="UTF-8"?>
<!-- Generated by org.testng.reporters.JUnitXMLReporter -->
<testsuite ignored="4" hostname="Ideas2IT" failures="3" tests="3" name="Test" time="107.074" errors="0" timestamp="2024-11-11T10:54:24 IST">
  <testcase classname="tests.selenium.TC001_CreateIncident" name="createIncident" time="22.846">
    <failure type="java.lang.RuntimeException">
      <![CDATA[java.lang.RuntimeException
at lib.utils.HTMLReporter.reportStep(HTMLReporter.java:79)
at lib.utils.HTMLReporter.reportStep(HTMLReporter.java:88)
at lib.selenium.WebDriverServiceImpl.clickElementInsideShadowRoot(WebDriverServiceImpl.java:146)
at pages.selenium.HomePage.clickIncident(HomePage.java:45)
at tests.selenium.TC001_CreateIncident.createIncident(TC001_CreateIncident.java:28)
at java.base/java.util.ArrayList.forEach(ArrayList.java:1511)
... Removed 27 stack frames]]>
    </failure>
  </testcase> <!-- createIncident -->
  <testcase classname="tests.selenium.TC003_CreateIncidentUsingRestAndVerifyUsingSelenium" name="createIncident" time="28.565">
    <failure type="java.lang.RuntimeException">
      <![CDATA[java.lang.RuntimeException
at lib.utils.HTMLReporter.reportStep(HTMLReporter.java:79)
at lib.utils.HTMLReporter.reportStep(HTMLReporter.java:88)
at lib.selenium.WebDriverServiceImpl.clickElementInsideShadowRoot(WebDriverServiceImpl.java:146)
at pages.selenium.HomePage.clickIncident(HomePage.java:45)
at tests.selenium.TC003_CreateIncidentUsingRestAndVerifyUsingSelenium.createIncident(TC003_CreateIncidentUsingRestAndVerifyUsingSelenium.java:44)
at java.base/java.util.ArrayList.forEach(ArrayList.java:1511)
... Removed 27 stack frames]]>
    </failure>
  </testcase> <!-- createIncident -->
  <testcase classname="tests.selenium.TC002_CreateIncidentAndGetFromRest" name="createIncident" time="28.729">
    <failure type="java.lang.RuntimeException">
      <![CDATA[java.lang.RuntimeException
at lib.utils.HTMLReporter.reportStep(HTMLReporter.java:79)
at lib.utils.HTMLReporter.reportStep(HTMLReporter.java:88)
at lib.selenium.WebDriverServiceImpl.clickElementInsideShadowRoot(WebDriverServiceImpl.java:146)
at pages.selenium.HomePage.clickIncident(HomePage.java:45)
at tests.selenium.TC002_CreateIncidentAndGetFromRest.createIncident(TC002_CreateIncidentAndGetFromRest.java:35)
at java.base/java.util.ArrayList.forEach(ArrayList.java:1511)
... Removed 27 stack frames]]>
    </failure>
  </testcase> <!-- createIncident -->
  <testcase classname="lib.selenium.PreAndPost" name="@AfterSuite afterSuite" time="0.0">
    <ignored/>
  </testcase> <!-- @AfterSuite afterSuite -->
  <testcase classname="lib.selenium.PreAndPost" name="@AfterSuite afterSuite" time="0.0">
    <ignored/>
  </testcase> <!-- @AfterSuite afterSuite -->
  <testcase classname="lib.selenium.PreAndPost" name="@BeforeSuite beforeSuite" time="0.0">
    <ignored/>
  </testcase> <!-- @BeforeSuite beforeSuite -->
  <testcase classname="lib.selenium.PreAndPost" name="@BeforeSuite beforeSuite" time="0.0">
    <ignored/>
  </testcase> <!-- @BeforeSuite beforeSuite -->
</testsuite> <!-- Test -->
